<?xml version="1.0" encoding="UTF-8"?>
<!-- Generated by org.testng.reporters.JUnitReportReporter -->
<testsuite hostname="DESKTOP-Q69VMIO" failures="0" tests="1" name="leaveRequest.TC_01" time="5.299" errors="0" timestamp="2022-07-05T12:44:17 IST" skipped="0">
  <testcase classname="leaveRequest.TC_01" name="login" time="5.299"/>
  <system-out/>
</testsuite> <!-- leaveRequest.TC_01 -->
