<?xml version="1.0" encoding="UTF-8"?>
<!-- Generated by org.testng.reporters.JUnitReportReporter -->
<testsuite hostname="DESKTOP-Q69VMIO" failures="0" tests="1" name="invoices.TC_01InvoiceTest" time="1.756" errors="0" timestamp="2022-07-04T18:33:48 IST" skipped="0">
  <testcase classname="invoices.TC_01InvoiceTest" name="login" time="1.756"/>
  <system-out/>
</testsuite> <!-- invoices.TC_01InvoiceTest -->
